\BOOKMARK [1][]{section.2}{\376\377\000I\000n\000t\000r\000o\000d\000u\000c\000t\000i\000o\000n}{}% 1
\BOOKMARK [1][]{section.4}{\376\377\000R\000e\000l\000a\000t\000e\000d\000\040\000W\000o\000r\000k}{}% 2
\BOOKMARK [2][]{subsection.5}{\376\377\000A\000s\000y\000l\000u\000m\000\040\000i\000n\000\040\000E\000u\000r\000o\000p\000e\000\040\000a\000n\000d\000\040\000A\000s\000y\000l\000u\000m\000\040\000D\000e\000m\000o\000g\000r\000a\000p\000h\000i\000c\000\040\000D\000a\000t\000a}{section.4}% 3
\BOOKMARK [2][]{subsection.6}{\376\377\000I\000n\000f\000o\000r\000m\000a\000t\000i\000o\000n\000\040\000V\000i\000s\000u\000a\000l\000i\000z\000a\000t\000i\000o\000n\000\040\000D\000e\000s\000i\000g\000n}{section.4}% 4
\BOOKMARK [1][]{section.7}{\376\377\000D\000a\000t\000a\000\040\000a\000n\000d\000\040\000T\000a\000s\000k\000\040\000A\000b\000s\000t\000r\000a\000c\000t\000i\000o\000n}{}% 5
\BOOKMARK [2][]{subsection.8}{\376\377\000D\000o\000m\000a\000i\000n}{section.7}% 6
\BOOKMARK [2][]{subsection.9}{\376\377\000T\000a\000s\000k\000s\000\040\000A\000b\000s\000t\000r\000a\000c\000t\000i\000o\000n}{section.7}% 7
\BOOKMARK [2][]{subsection.10}{\376\377\000D\000a\000t\000a\000\040\000A\000b\000s\000t\000r\000a\000c\000t\000i\000o\000n}{section.7}% 8
\BOOKMARK [1][]{section.15}{\376\377\000S\000o\000l\000u\000t\000i\000o\000n}{}% 9
\BOOKMARK [2][]{subsection.16}{\376\377\000O\000r\000i\000g\000i\000n\000-\000d\000e\000s\000t\000i\000n\000a\000t\000i\000o\000n\000\040\000m\000a\000p\000\040\000v\000i\000e\000w}{section.15}% 10
\BOOKMARK [2][]{subsection.17}{\376\377\000I\000n\000s\000i\000g\000h\000t\000\040\000c\000h\000a\000r\000t\000s\000\040\000v\000i\000e\000w}{section.15}% 11
\BOOKMARK [2][]{subsection.18}{\376\377\000s\000t\000a\000t\000i\000s\000t\000i\000c\000a\000l\000\040\000c\000h\000a\000r\000t\000s\000\040\000v\000i\000e\000w}{section.15}% 12
\BOOKMARK [1][]{section.19}{\376\377\000R\000e\000s\000u\000l\000t\000s}{}% 13
\BOOKMARK [2][]{subsection.20}{\376\377\000U\000s\000e\000r\000\040\000S\000c\000e\000n\000a\000r\000i\000o\000\040\0001}{section.19}% 14
\BOOKMARK [2][]{subsection.21}{\376\377\000U\000s\000e\000r\000\040\000S\000c\000e\000n\000a\000r\000i\000o\000\040\0002}{section.19}% 15
\BOOKMARK [1][]{section.22}{\376\377\000F\000u\000t\000u\000r\000e\000\040\000w\000o\000r\000k}{}% 16
\BOOKMARK [1][]{section.24}{\376\377\000I\000m\000p\000l\000e\000m\000e\000n\000t\000a\000t\000i\000o\000n}{}% 17
\BOOKMARK [1][]{section.25}{\376\377\000M\000i\000l\000e\000s\000t\000o\000n\000e\000s}{}% 18
\BOOKMARK [1][]{section.27}{\376\377\000R\000e\000s\000u\000l\000t\000s}{}% 19
\BOOKMARK [1][]{section.28}{\376\377\000D\000i\000s\000c\000u\000s\000s\000i\000o\000n\000\040\000a\000n\000d\000\040\000F\000u\000t\000u\000r\000e\000\040\000W\000o\000r\000k}{}% 20
\BOOKMARK [1][]{section.29}{\376\377\000C\000o\000n\000c\000l\000u\000s\000i\000o\000n\000s}{}% 21
